\BOOKMARK [0][-]{chapter.1}{\376\377\0001\000\040\004\020\004\073\004\104\004\060\004\062\004\070\004\102\004\075\004\113\004\071\000\040\004\103\004\072\004\060\004\067\004\060\004\102\004\065\004\073\004\114\000\040\004\072\004\073\004\060\004\101\004\101\004\076\004\062}{}% 1
\BOOKMARK [1][-]{section.1.1}{\376\377\0001\000.\0001\000\040\004\032\004\073\004\060\004\101\004\101\004\113}{chapter.1}% 2
\BOOKMARK [0][-]{chapter.2}{\376\377\0002\000\040\004\041\004\077\004\070\004\101\004\076\004\072\000\040\004\104\004\060\004\071\004\073\004\076\004\062}{}% 3
\BOOKMARK [1][-]{section.2.1}{\376\377\0002\000.\0001\000\040\004\044\004\060\004\071\004\073\004\113}{chapter.2}% 4
\BOOKMARK [0][-]{chapter.3}{\376\377\0003\000\040\004\032\004\073\004\060\004\101\004\101\004\113}{}% 5
\BOOKMARK [1][-]{section.3.1}{\376\377\0003\000.\0001\000\040\004\041\004\102\004\100\004\103\004\072\004\102\004\103\004\100\004\060\000\040\000\137\000c\000e\000l\000l}{chapter.3}% 6
\BOOKMARK [2][-]{subsection.3.1.1}{\376\377\0003\000.\0001\000.\0001\000\040\004\024\004\060\004\075\004\075\004\113\004\065\000\040\004\072\004\073\004\060\004\101\004\101\004\060}{section.3.1}% 7
\BOOKMARK [3][-]{subsubsection.3.1.1.1}{\376\377\0003\000.\0001\000.\0001\000.\0001\000\040\000C\000e\000l\000l}{subsection.3.1.1}% 8
\BOOKMARK [3][-]{subsubsection.3.1.1.2}{\376\377\0003\000.\0001\000.\0001\000.\0002\000\040\000N\000e\000x\000t}{subsection.3.1.1}% 9
\BOOKMARK [1][-]{section.3.2}{\376\377\0003\000.\0002\000\040\004\032\004\073\004\060\004\101\004\101\000\040\000B\000o\000a\000r\000d}{chapter.3}% 10
\BOOKMARK [2][-]{subsection.3.2.1}{\376\377\0003\000.\0002\000.\0001\000\040\004\032\004\076\004\075\004\101\004\102\004\100\004\103\004\072\004\102\004\076\004\100\000\050\004\113\000\051}{section.3.2}% 11
\BOOKMARK [3][-]{subsubsection.3.2.1.1}{\376\377\0003\000.\0002\000.\0001\000.\0001\000\040\000B\000o\000a\000r\000d\000\050\000\051}{subsection.3.2.1}% 12
\BOOKMARK [3][-]{subsubsection.3.2.1.2}{\376\377\0003\000.\0002\000.\0001\000.\0002\000\040\000\040\000B\000o\000a\000r\000d\000\050\000\051}{subsection.3.2.1}% 13
\BOOKMARK [2][-]{subsection.3.2.2}{\376\377\0003\000.\0002\000.\0002\000\040\004\034\004\065\004\102\004\076\004\064\004\113}{section.3.2}% 14
\BOOKMARK [3][-]{subsubsection.3.2.2.1}{\376\377\0003\000.\0002\000.\0002\000.\0001\000\040\000A\000t\000t\000a\000c\000k\000\050\000\051}{subsection.3.2.2}% 15
\BOOKMARK [3][-]{subsubsection.3.2.2.2}{\376\377\0003\000.\0002\000.\0002\000.\0002\000\040\000G\000e\000t\000\137\000S\000t\000o\000n\000e\000\050\000\051}{subsection.3.2.2}% 16
\BOOKMARK [3][-]{subsubsection.3.2.2.3}{\376\377\0003\000.\0002\000.\0002\000.\0003\000\040\000P\000u\000t\000\137\000S\000t\000o\000n\000e\000\050\000\051}{subsection.3.2.2}% 17
\BOOKMARK [3][-]{subsubsection.3.2.2.4}{\376\377\0003\000.\0002\000.\0002\000.\0004\000\040\000T\000a\000k\000e\000\137\000S\000t\000o\000n\000e\000\137\000f\000r\000o\000m\000\137\000B\000o\000a\000r\000d\000\050\000\051}{subsection.3.2.2}% 18
\BOOKMARK [2][-]{subsection.3.2.3}{\376\377\0003\000.\0002\000.\0003\000\040\004\024\004\060\004\075\004\075\004\113\004\065\000\040\004\072\004\073\004\060\004\101\004\101\004\060}{section.3.2}% 19
\BOOKMARK [3][-]{subsubsection.3.2.3.1}{\376\377\0003\000.\0002\000.\0003\000.\0001\000\040\000C\000e\000l\000l\000s}{subsection.3.2.3}% 20
\BOOKMARK [1][-]{section.3.3}{\376\377\0003\000.\0003\000\040\004\032\004\073\004\060\004\101\004\101\000\040\000G\000a\000m\000e\000W\000i\000n\000d\000o\000w}{chapter.3}% 21
\BOOKMARK [2][-]{subsection.3.3.1}{\376\377\0003\000.\0003\000.\0001\000\040\004\037\004\076\004\064\004\100\004\076\004\061\004\075\004\076\004\065\000\040\004\076\004\077\004\070\004\101\004\060\004\075\004\070\004\065}{section.3.3}% 22
\BOOKMARK [2][-]{subsection.3.3.2}{\376\377\0003\000.\0003\000.\0002\000\040\004\032\004\076\004\075\004\101\004\102\004\100\004\103\004\072\004\102\004\076\004\100\000\050\004\113\000\051}{section.3.3}% 23
\BOOKMARK [3][-]{subsubsection.3.3.2.1}{\376\377\0003\000.\0003\000.\0002\000.\0001\000\040\000G\000a\000m\000e\000W\000i\000n\000d\000o\000w\000\050\000\051}{subsection.3.3.2}% 24
\BOOKMARK [2][-]{subsection.3.3.3}{\376\377\0003\000.\0003\000.\0003\000\040\004\034\004\065\004\102\004\076\004\064\004\113}{section.3.3}% 25
\BOOKMARK [3][-]{subsubsection.3.3.3.1}{\376\377\0003\000.\0003\000.\0003\000.\0001\000\040\000C\000r\000e\000a\000t\000e\000\137\000C\000e\000l\000l\000\137\000D\000i\000s\000p\000l\000a\000y\000\050\000\051}{subsection.3.3.3}% 26
\BOOKMARK [3][-]{subsubsection.3.3.3.2}{\376\377\0003\000.\0003\000.\0003\000.\0002\000\040\000C\000r\000e\000a\000t\000e\000\137\000G\000B\000u\000t\000t\000o\000n\000\050\000\051\000\040\000[\0001\000/\0002\000]}{subsection.3.3.3}% 27
\BOOKMARK [3][-]{subsubsection.3.3.3.3}{\376\377\0003\000.\0003\000.\0003\000.\0003\000\040\000C\000r\000e\000a\000t\000e\000\137\000G\000B\000u\000t\000t\000o\000n\000\050\000\051\000\040\000[\0002\000/\0002\000]}{subsection.3.3.3}% 28
\BOOKMARK [3][-]{subsubsection.3.3.3.4}{\376\377\0003\000.\0003\000.\0003\000.\0004\000\040\000C\000r\000e\000a\000t\000e\000\137\000G\000P\000r\000o\000g\000r\000e\000s\000s\000\137\000B\000a\000r\000\050\000\051}{subsection.3.3.3}% 29
\BOOKMARK [3][-]{subsubsection.3.3.3.5}{\376\377\0003\000.\0003\000.\0003\000.\0005\000\040\000C\000r\000e\000a\000t\000e\000\137\000S\000m\000a\000l\000l\000\137\000D\000i\000s\000p\000l\000a\000y\000\050\000\051}{subsection.3.3.3}% 30
\BOOKMARK [3][-]{subsubsection.3.3.3.6}{\376\377\0003\000.\0003\000.\0003\000.\0006\000\040\000G\000e\000t\000C\000D\000i\000s\000p\000l\000a\000y\000\050\000\051}{subsection.3.3.3}% 31
\BOOKMARK [3][-]{subsubsection.3.3.3.7}{\376\377\0003\000.\0003\000.\0003\000.\0007\000\040\000G\000e\000t\000G\000W\000i\000n\000d\000o\000w\000\050\000\051}{subsection.3.3.3}% 32
\BOOKMARK [3][-]{subsubsection.3.3.3.8}{\376\377\0003\000.\0003\000.\0003\000.\0008\000\040\000G\000e\000t\000H\000P\000B\000a\000r\000\050\000\051}{subsection.3.3.3}% 33
\BOOKMARK [3][-]{subsubsection.3.3.3.9}{\376\377\0003\000.\0003\000.\0003\000.\0009\000\040\000R\000e\000g\000i\000s\000t\000e\000r\000G\000W\000i\000n\000d\000o\000w\000C\000l\000a\000s\000s\000\050\000\051}{subsection.3.3.3}% 34
\BOOKMARK [3][-]{subsubsection.3.3.3.10}{\376\377\0003\000.\0003\000.\0003\000.\0001\0000\000\040\000S\000e\000t\000\137\000G\000B\000u\000t\000t\000o\000n\000\137\000I\000m\000a\000g\000e\000\050\000\051}{subsection.3.3.3}% 35
\BOOKMARK [2][-]{subsection.3.3.4}{\376\377\0003\000.\0003\000.\0004\000\040\004\024\004\060\004\075\004\075\004\113\004\065\000\040\004\072\004\073\004\060\004\101\004\101\004\060}{section.3.3}% 36
\BOOKMARK [3][-]{subsubsection.3.3.4.1}{\376\377\0003\000.\0003\000.\0004\000.\0001\000\040\000A\000G\000D\000i\000s\000p\000l\000a\000y}{subsection.3.3.4}% 37
\BOOKMARK [3][-]{subsubsection.3.3.4.2}{\376\377\0003\000.\0003\000.\0004\000.\0002\000\040\000A\000t\000t\000a\000c\000k\000S\000B\000u\000t\000t\000o\000n}{subsection.3.3.4}% 38
\BOOKMARK [3][-]{subsubsection.3.3.4.3}{\376\377\0003\000.\0003\000.\0004\000.\0003\000\040\000B\000l\000u\000e\000S\000B\000u\000t\000t\000o\000n}{subsection.3.3.4}% 39
\BOOKMARK [3][-]{subsubsection.3.3.4.4}{\376\377\0003\000.\0003\000.\0004\000.\0004\000\040\000C\000e\000l\000l\000\137\000D\000i\000s\000p\000l\000a\000y\000\137\000A\000r\000r\000a\000y}{subsection.3.3.4}% 40
\BOOKMARK [3][-]{subsubsection.3.3.4.5}{\376\377\0003\000.\0003\000.\0004\000.\0005\000\040\000d\000c\000l}{subsection.3.3.4}% 41
\BOOKMARK [3][-]{subsubsection.3.3.4.6}{\376\377\0003\000.\0003\000.\0004\000.\0006\000\040\000D\000e\000l\000e\000t\000e\000S\000B\000u\000t\000t\000o\000n}{subsection.3.3.4}% 42
\BOOKMARK [3][-]{subsubsection.3.3.4.7}{\376\377\0003\000.\0003\000.\0004\000.\0007\000\040\000D\000G\000D\000i\000s\000p\000l\000a\000y}{subsection.3.3.4}% 43
\BOOKMARK [3][-]{subsubsection.3.3.4.8}{\376\377\0003\000.\0003\000.\0004\000.\0008\000\040\000g\000b\000c\000l}{subsection.3.3.4}% 44
\BOOKMARK [3][-]{subsubsection.3.3.4.9}{\376\377\0003\000.\0003\000.\0004\000.\0009\000\040\000G\000r\000a\000y\000S\000B\000u\000t\000t\000o\000n}{subsection.3.3.4}% 45
\BOOKMARK [3][-]{subsubsection.3.3.4.10}{\376\377\0003\000.\0003\000.\0004\000.\0001\0000\000\040\000G\000r\000e\000e\000n\000S\000B\000u\000t\000t\000o\000n}{subsection.3.3.4}% 46
\BOOKMARK [3][-]{subsubsection.3.3.4.11}{\376\377\0003\000.\0003\000.\0004\000.\0001\0001\000\040\000H\000P\0001\000B\000a\000r}{subsection.3.3.4}% 47
\BOOKMARK [3][-]{subsubsection.3.3.4.12}{\376\377\0003\000.\0003\000.\0004\000.\0001\0002\000\040\000H\000P\0002\000B\000a\000r}{subsection.3.3.4}% 48
\BOOKMARK [3][-]{subsubsection.3.3.4.13}{\376\377\0003\000.\0003\000.\0004\000.\0001\0003\000\040\000M\000a\000i\000n\000W\000i\000n\000d\000o\000w}{subsection.3.3.4}% 49
\BOOKMARK [3][-]{subsubsection.3.3.4.14}{\376\377\0003\000.\0003\000.\0004\000.\0001\0004\000\040\000R\000e\000d\000S\000B\000u\000t\000t\000o\000n}{subsection.3.3.4}% 50
\BOOKMARK [3][-]{subsubsection.3.3.4.15}{\376\377\0003\000.\0003\000.\0004\000.\0001\0005\000\040\000s\000d\000c\000l}{subsection.3.3.4}% 51
\BOOKMARK [3][-]{subsubsection.3.3.4.16}{\376\377\0003\000.\0003\000.\0004\000.\0001\0006\000\040\000S\000G\000D\000i\000s\000p\000l\000a\000y}{subsection.3.3.4}% 52
\BOOKMARK [3][-]{subsubsection.3.3.4.17}{\376\377\0003\000.\0003\000.\0004\000.\0001\0007\000\040\000w\000c\000l}{subsection.3.3.4}% 53
\BOOKMARK [1][-]{section.3.4}{\376\377\0003\000.\0004\000\040\004\032\004\073\004\060\004\101\004\101\000\040\000S\000t\000o\000n\000e}{chapter.3}% 54
\BOOKMARK [2][-]{subsection.3.4.1}{\376\377\0003\000.\0004\000.\0001\000\040\004\032\004\076\004\075\004\101\004\102\004\100\004\103\004\072\004\102\004\076\004\100\000\050\004\113\000\051}{section.3.4}% 55
\BOOKMARK [3][-]{subsubsection.3.4.1.1}{\376\377\0003\000.\0004\000.\0001\000.\0001\000\040\000S\000t\000o\000n\000e\000\050\000\051}{subsection.3.4.1}% 56
\BOOKMARK [3][-]{subsubsection.3.4.1.2}{\376\377\0003\000.\0004\000.\0001\000.\0002\000\040\000\040\000S\000t\000o\000n\000e\000\050\000\051}{subsection.3.4.1}% 57
\BOOKMARK [2][-]{subsection.3.4.2}{\376\377\0003\000.\0004\000.\0002\000\040\004\034\004\065\004\102\004\076\004\064\004\113}{section.3.4}% 58
\BOOKMARK [3][-]{subsubsection.3.4.2.1}{\376\377\0003\000.\0004\000.\0002\000.\0001\000\040\000G\000e\000t\000\137\000T\000y\000p\000e\000\050\000\051}{subsection.3.4.2}% 59
\BOOKMARK [3][-]{subsubsection.3.4.2.2}{\376\377\0003\000.\0004\000.\0002\000.\0002\000\040\000S\000e\000t\000\137\000S\000t\000o\000n\000e\000\050\000\051}{subsection.3.4.2}% 60
\BOOKMARK [2][-]{subsection.3.4.3}{\376\377\0003\000.\0004\000.\0003\000\040\004\024\004\060\004\075\004\075\004\113\004\065\000\040\004\072\004\073\004\060\004\101\004\101\004\060}{section.3.4}% 61
\BOOKMARK [3][-]{subsubsection.3.4.3.1}{\376\377\0003\000.\0004\000.\0003\000.\0001\000\040\000T\000y\000p\000e}{subsection.3.4.3}% 62
\BOOKMARK [0][-]{chapter.4}{\376\377\0004\000\040\004\044\004\060\004\071\004\073\004\113}{}% 63
\BOOKMARK [1][-]{section.4.1}{\376\377\0004\000.\0001\000\040\004\044\004\060\004\071\004\073\000\040\000\137\000G\000a\000m\000e\000\137\000V\000\137\0001\000\137\0000\000/\000G\000a\000m\000e\000\137\000C\000o\000n\000s\000t\000a\000n\000t\000s\000\137\000V\000\137\0001\000\137\0000\000.\000h\000p\000p}{chapter.4}% 64
\BOOKMARK [1][-]{section.4.2}{\376\377\0004\000.\0002\000\040\004\044\004\060\004\071\004\073\000\040\000\137\000G\000a\000m\000e\000\137\000V\000\137\0001\000\137\0000\000/\000G\000a\000m\000e\000\137\000L\000i\000b\000\137\000V\000\137\0001\000\137\0000\000.\000h\000p\000p}{chapter.4}% 65
\BOOKMARK [1][-]{section.4.3}{\376\377\0004\000.\0003\000\040\004\044\004\060\004\071\004\073\000\040\000\137\000G\000a\000m\000e\000\137\000V\000\137\0001\000\137\0000\000/\000G\000r\000a\000p\000h\000/\000C\000r\000e\000a\000t\000e\000\137\000D\000i\000s\000p\000l\000a\000y\000.\000c\000p\000p}{chapter.4}% 66
\BOOKMARK [1][-]{section.4.4}{\376\377\0004\000.\0004\000\040\004\044\004\060\004\071\004\073\000\040\000\137\000G\000a\000m\000e\000\137\000V\000\137\0001\000\137\0000\000/\000G\000r\000a\000p\000h\000/\000C\000r\000e\000a\000t\000e\000\137\000G\000B\000u\000t\000t\000o\000n\000.\000c\000p\000p}{chapter.4}% 67
\BOOKMARK [1][-]{section.4.5}{\376\377\0004\000.\0005\000\040\004\044\004\060\004\071\004\073\000\040\000\137\000G\000a\000m\000e\000\137\000V\000\137\0001\000\137\0000\000/\000G\000r\000a\000p\000h\000/\000C\000r\000e\000a\000t\000e\000\137\000G\000P\000r\000o\000g\000r\000e\000s\000s\000\137\000B\000a\000r\000.\000c\000p\000p}{chapter.4}% 68
\BOOKMARK [1][-]{section.4.6}{\376\377\0004\000.\0006\000\040\004\044\004\060\004\071\004\073\000\040\000\137\000G\000a\000m\000e\000\137\000V\000\137\0001\000\137\0000\000/\000G\000r\000a\000p\000h\000/\000D\000i\000s\000p\000l\000a\000y\000W\000n\000d\000P\000r\000o\000c\000.\000c\000p\000p}{chapter.4}% 69
\BOOKMARK [2][-]{subsection.4.6.1}{\376\377\0004\000.\0006\000.\0001\000\040\004\044\004\103\004\075\004\072\004\106\004\070\004\070}{section.4.6}% 70
\BOOKMARK [3][-]{subsubsection.4.6.1.1}{\376\377\0004\000.\0006\000.\0001\000.\0001\000\040\000D\000e\000l\000e\000t\000e\000\137\000S\000I\000m\000a\000g\000e\000\050\000\051}{subsection.4.6.1}% 71
\BOOKMARK [3][-]{subsubsection.4.6.1.2}{\376\377\0004\000.\0006\000.\0001\000.\0002\000\040\000D\000i\000s\000p\000l\000a\000y\000W\000n\000d\000P\000r\000o\000c\000\050\000\051}{subsection.4.6.1}% 72
\BOOKMARK [3][-]{subsubsection.4.6.1.3}{\376\377\0004\000.\0006\000.\0001\000.\0003\000\040\000L\000o\000a\000d\000\137\000S\000I\000m\000a\000g\000e\000\050\000\051}{subsection.4.6.1}% 73
\BOOKMARK [2][-]{subsection.4.6.2}{\376\377\0004\000.\0006\000.\0002\000\040\004\037\004\065\004\100\004\065\004\074\004\065\004\075\004\075\004\113\004\065}{section.4.6}% 74
\BOOKMARK [3][-]{subsubsection.4.6.2.1}{\376\377\0004\000.\0006\000.\0002\000.\0001\000\040\000B\000r\000u\000s\000h}{subsection.4.6.2}% 75
\BOOKMARK [3][-]{subsubsection.4.6.2.2}{\376\377\0004\000.\0006\000.\0002\000.\0002\000\040\000C\000h\000o\000o\000s\000e\000S\000t\000o\000n\000e\000F\000l\000a\000g}{subsection.4.6.2}% 76
\BOOKMARK [3][-]{subsubsection.4.6.2.3}{\376\377\0004\000.\0006\000.\0002\000.\0003\000\040\000G\000a\000m\000e\000\137\000B\000o\000a\000r\000d}{subsection.4.6.2}% 77
\BOOKMARK [3][-]{subsubsection.4.6.2.4}{\376\377\0004\000.\0006\000.\0002\000.\0004\000\040\000G\000W\000i\000n\000d\000o\000w\000\137\000I\000n\000f\000o}{subsection.4.6.2}% 78
\BOOKMARK [3][-]{subsubsection.4.6.2.5}{\376\377\0004\000.\0006\000.\0002\000.\0005\000\040\000i\000d}{subsection.4.6.2}% 79
\BOOKMARK [3][-]{subsubsection.4.6.2.6}{\376\377\0004\000.\0006\000.\0002\000.\0006\000\040\000r}{subsection.4.6.2}% 80
\BOOKMARK [3][-]{subsubsection.4.6.2.7}{\376\377\0004\000.\0006\000.\0002\000.\0007\000\040\000S}{subsection.4.6.2}% 81
\BOOKMARK [3][-]{subsubsection.4.6.2.8}{\376\377\0004\000.\0006\000.\0002\000.\0008\000\040\000S\000t\000o\000n\000e\000\137\000I\000m\000a\000g\000e}{subsection.4.6.2}% 82
\BOOKMARK [3][-]{subsubsection.4.6.2.9}{\376\377\0004\000.\0006\000.\0002\000.\0009\000\040\000w\000i\000n\000d\000o\000w}{subsection.4.6.2}% 83
\BOOKMARK [1][-]{section.4.7}{\376\377\0004\000.\0007\000\040\004\044\004\060\004\071\004\073\000\040\000\137\000G\000a\000m\000e\000\137\000V\000\137\0001\000\137\0000\000/\000G\000r\000a\000p\000h\000/\000G\000a\000m\000e\000\137\000G\000r\000a\000p\000h\000\137\000V\000\137\0001\000\137\0000\000.\000h\000p\000p}{chapter.4}% 84
\BOOKMARK [1][-]{section.4.8}{\376\377\0004\000.\0008\000\040\004\044\004\060\004\071\004\073\000\040\000\137\000G\000a\000m\000e\000\137\000V\000\137\0001\000\137\0000\000/\000G\000r\000a\000p\000h\000/\000G\000a\000m\000e\000\137\000P\000r\000o\000c\000.\000c\000p\000p}{chapter.4}% 85
\BOOKMARK [2][-]{subsection.4.8.1}{\376\377\0004\000.\0008\000.\0001\000\040\004\044\004\103\004\075\004\072\004\106\004\070\004\070}{section.4.8}% 86
\BOOKMARK [3][-]{subsubsection.4.8.1.1}{\376\377\0004\000.\0008\000.\0001\000.\0001\000\040\000E\000n\000u\000m\000G\000P\000r\000o\000c\000\050\000\051}{subsection.4.8.1}% 87
\BOOKMARK [3][-]{subsubsection.4.8.1.2}{\376\377\0004\000.\0008\000.\0001\000.\0002\000\040\000G\000a\000m\000e\000W\000n\000d\000P\000r\000o\000c\000\050\000\051}{subsection.4.8.1}% 88
\BOOKMARK [3][-]{subsubsection.4.8.1.3}{\376\377\0004\000.\0008\000.\0001\000.\0003\000\040\000L\000o\000a\000d\000\137\000S\000I\000m\000a\000g\000e\000\050\000\051}{subsection.4.8.1}% 89
\BOOKMARK [2][-]{subsection.4.8.2}{\376\377\0004\000.\0008\000.\0002\000\040\004\037\004\065\004\100\004\065\004\074\004\065\004\075\004\075\004\113\004\065}{section.4.8}% 90
\BOOKMARK [3][-]{subsubsection.4.8.2.1}{\376\377\0004\000.\0008\000.\0002\000.\0001\000\040\000c\000o\000u\000n\000t\000e\000r}{subsection.4.8.2}% 91
\BOOKMARK [3][-]{subsubsection.4.8.2.2}{\376\377\0004\000.\0008\000.\0002\000.\0002\000\040\000G\000a\000m\000e\000\137\000B\000o\000a\000r\000d}{subsection.4.8.2}% 92
\BOOKMARK [3][-]{subsubsection.4.8.2.3}{\376\377\0004\000.\0008\000.\0002\000.\0003\000\040\000G\000M\000a\000p}{subsection.4.8.2}% 93
\BOOKMARK [3][-]{subsubsection.4.8.2.4}{\376\377\0004\000.\0008\000.\0002\000.\0004\000\040\000H\000P\0001}{subsection.4.8.2}% 94
\BOOKMARK [3][-]{subsubsection.4.8.2.5}{\376\377\0004\000.\0008\000.\0002\000.\0005\000\040\000H\000P\0002}{subsection.4.8.2}% 95
\BOOKMARK [3][-]{subsubsection.4.8.2.6}{\376\377\0004\000.\0008\000.\0002\000.\0006\000\040\000S}{subsection.4.8.2}% 96
\BOOKMARK [3][-]{subsubsection.4.8.2.7}{\376\377\0004\000.\0008\000.\0002\000.\0007\000\040\000w\000i\000n\000d\000o\000w}{subsection.4.8.2}% 97
\BOOKMARK [3][-]{subsubsection.4.8.2.8}{\376\377\0004\000.\0008\000.\0002\000.\0008\000\040\000W\000i\000n\000F\000l\000a\000g\0001}{subsection.4.8.2}% 98
\BOOKMARK [3][-]{subsubsection.4.8.2.9}{\376\377\0004\000.\0008\000.\0002\000.\0009\000\040\000W\000i\000n\000F\000l\000a\000g\0002}{subsection.4.8.2}% 99
\BOOKMARK [1][-]{section.4.9}{\376\377\0004\000.\0009\000\040\004\044\004\060\004\071\004\073\000\040\000\137\000G\000a\000m\000e\000\137\000V\000\137\0001\000\137\0000\000/\000G\000r\000a\000p\000h\000/\000G\000a\000m\000e\000\137\000P\000r\000o\000c\000\137\000V\000\137\0001\000\137\0000\000.\000h\000p\000p}{chapter.4}% 100
\BOOKMARK [2][-]{subsection.4.9.1}{\376\377\0004\000.\0009\000.\0001\000\040\004\044\004\103\004\075\004\072\004\106\004\070\004\070}{section.4.9}% 101
\BOOKMARK [3][-]{subsubsection.4.9.1.1}{\376\377\0004\000.\0009\000.\0001\000.\0001\000\040\000D\000i\000s\000p\000l\000a\000y\000W\000n\000d\000P\000r\000o\000c\000\050\000\051}{subsection.4.9.1}% 102
\BOOKMARK [3][-]{subsubsection.4.9.1.2}{\376\377\0004\000.\0009\000.\0001\000.\0002\000\040\000G\000a\000m\000e\000W\000n\000d\000P\000r\000o\000c\000\050\000\051}{subsection.4.9.1}% 103
\BOOKMARK [3][-]{subsubsection.4.9.1.3}{\376\377\0004\000.\0009\000.\0001\000.\0003\000\040\000L\000R\000E\000S\000U\000L\000T\000\050\000\051}{subsection.4.9.1}% 104
\BOOKMARK [1][-]{section.4.10}{\376\377\0004\000.\0001\0000\000\040\004\044\004\060\004\071\004\073\000\040\000\137\000G\000a\000m\000e\000\137\000V\000\137\0001\000\137\0000\000/\000G\000r\000a\000p\000h\000/\000G\000a\000m\000e\000\137\000W\000i\000n\000d\000o\000w\000.\000c\000p\000p}{chapter.4}% 105
\BOOKMARK [2][-]{subsection.4.10.1}{\376\377\0004\000.\0001\0000\000.\0001\000\040\004\037\004\076\004\064\004\100\004\076\004\061\004\075\004\076\004\065\000\040\004\076\004\077\004\070\004\101\004\060\004\075\004\070\004\065}{section.4.10}% 106
\BOOKMARK [1][-]{section.4.11}{\376\377\0004\000.\0001\0001\000\040\004\044\004\060\004\071\004\073\000\040\000\137\000G\000a\000m\000e\000\137\000V\000\137\0001\000\137\0000\000/\000G\000r\000a\000p\000h\000/\000G\000e\000t\000C\000D\000i\000s\000p\000l\000a\000y\000.\000c\000p\000p}{chapter.4}% 107
\BOOKMARK [1][-]{section.4.12}{\376\377\0004\000.\0001\0002\000\040\004\044\004\060\004\071\004\073\000\040\000\137\000G\000a\000m\000e\000\137\000V\000\137\0001\000\137\0000\000/\000G\000r\000a\000p\000h\000/\000G\000e\000t\000G\000W\000i\000n\000d\000o\000w\000.\000c\000p\000p}{chapter.4}% 108
\BOOKMARK [1][-]{section.4.13}{\376\377\0004\000.\0001\0003\000\040\004\044\004\060\004\071\004\073\000\040\000\137\000G\000a\000m\000e\000\137\000V\000\137\0001\000\137\0000\000/\000G\000r\000a\000p\000h\000/\000R\000e\000g\000i\000s\000t\000e\000r\000G\000W\000i\000n\000d\000o\000w\000C\000l\000a\000s\000s\000.\000c\000p\000p}{chapter.4}% 109
\BOOKMARK [1][-]{section.4.14}{\376\377\0004\000.\0001\0004\000\040\004\044\004\060\004\071\004\073\000\040\000\137\000G\000a\000m\000e\000\137\000V\000\137\0001\000\137\0000\000/\000G\000r\000a\000p\000h\000/\000S\000e\000t\000\137\000G\000B\000u\000t\000t\000o\000n\000\137\000I\000m\000a\000g\000e\000.\000c\000p\000p}{chapter.4}% 110
\BOOKMARK [1][-]{section.4.15}{\376\377\0004\000.\0001\0005\000\040\004\044\004\060\004\071\004\073\000\040\000\137\000G\000a\000m\000e\000\137\000V\000\137\0001\000\137\0000\000/\000G\000r\000a\000p\000h\000\137\000C\000o\000n\000s\000t\000a\000n\000t\000s\000\137\000V\000\137\0001\000\137\0000\000.\000h}{chapter.4}% 111
\BOOKMARK [2][-]{subsection.4.15.1}{\376\377\0004\000.\0001\0005\000.\0001\000\040\004\034\004\060\004\072\004\100\004\076\004\101\004\113}{section.4.15}% 112
\BOOKMARK [3][-]{subsubsection.4.15.1.1}{\376\377\0004\000.\0001\0005\000.\0001\000.\0001\000\040\000A\000T\000T\000A\000C\000K\000\137\000B\000U\000T\000T\000O\000N}{subsection.4.15.1}% 113
\BOOKMARK [3][-]{subsubsection.4.15.1.2}{\376\377\0004\000.\0001\0005\000.\0001\000.\0002\000\040\000A\000T\000T\000A\000C\000K\000\137\000D\000I\000S\000P\000L\000A\000Y}{subsection.4.15.1}% 114
\BOOKMARK [3][-]{subsubsection.4.15.1.3}{\376\377\0004\000.\0001\0005\000.\0001\000.\0003\000\040\000B\000L\000U\000E\000\137\000S\000\137\000B\000U\000T\000T\000O\000N}{subsection.4.15.1}% 115
\BOOKMARK [3][-]{subsubsection.4.15.1.4}{\376\377\0004\000.\0001\0005\000.\0001\000.\0004\000\040\000C\000E\000L\000L\000S\000I\000Z\000E}{subsection.4.15.1}% 116
\BOOKMARK [3][-]{subsubsection.4.15.1.5}{\376\377\0004\000.\0001\0005\000.\0001\000.\0005\000\040\000D\000E\000F\000E\000N\000S\000E\000\137\000D\000I\000S\000P\000L\000A\000Y}{subsection.4.15.1}% 117
\BOOKMARK [3][-]{subsubsection.4.15.1.6}{\376\377\0004\000.\0001\0005\000.\0001\000.\0006\000\040\000D\000E\000L\000E\000T\000E\000\137\000B\000U\000T\000T\000O\000N}{subsection.4.15.1}% 118
\BOOKMARK [3][-]{subsubsection.4.15.1.7}{\376\377\0004\000.\0001\0005\000.\0001\000.\0007\000\040\000D\000I\000S\000P\000L\000A\000Y\000\137\000L\000C\000L\000I\000C\000K}{subsection.4.15.1}% 119
\BOOKMARK [3][-]{subsubsection.4.15.1.8}{\376\377\0004\000.\0001\0005\000.\0001\000.\0008\000\040\000D\000I\000S\000P\000L\000A\000Y\000\137\000R\000C\000L\000I\000C\000K}{subsection.4.15.1}% 120
\BOOKMARK [3][-]{subsubsection.4.15.1.9}{\376\377\0004\000.\0001\0005\000.\0001\000.\0009\000\040\000G\000A\000M\000E\000\137\000B\000U\000T\000T\000O\000N\000\137\000S\000T\000Y\000L\000E}{subsection.4.15.1}% 121
\BOOKMARK [3][-]{subsubsection.4.15.1.10}{\376\377\0004\000.\0001\0005\000.\0001\000.\0001\0000\000\040\000G\000B\000U\000T\000T\000O\000N\000\137\000C\000L\000A\000S\000S}{subsection.4.15.1}% 122
\BOOKMARK [3][-]{subsubsection.4.15.1.11}{\376\377\0004\000.\0001\0005\000.\0001\000.\0001\0001\000\040\000G\000D\000I\000S\000P\000L\000A\000Y\000\137\000C\000L\000A\000S\000S}{subsection.4.15.1}% 123
\BOOKMARK [3][-]{subsubsection.4.15.1.12}{\376\377\0004\000.\0001\0005\000.\0001\000.\0001\0002\000\040\000G\000D\000I\000S\000P\000L\000A\000Y\000\137\000S\000T\000Y\000L\000E}{subsection.4.15.1}% 124
\BOOKMARK [3][-]{subsubsection.4.15.1.13}{\376\377\0004\000.\0001\0005\000.\0001\000.\0001\0003\000\040\000G\000O\000F\000F\000S\000E\000T}{subsection.4.15.1}% 125
\BOOKMARK [3][-]{subsubsection.4.15.1.14}{\376\377\0004\000.\0001\0005\000.\0001\000.\0001\0004\000\040\000G\000P\000R\000O\000G\000R\000E\000S\000S\000\137\000B\000A\000R\000\137\000S\000T\000Y\000L\000E}{subsection.4.15.1}% 126
\BOOKMARK [3][-]{subsubsection.4.15.1.15}{\376\377\0004\000.\0001\0005\000.\0001\000.\0001\0005\000\040\000G\000R\000A\000Y\000\137\000S\000\137\000B\000U\000T\000T\000O\000N}{subsection.4.15.1}% 127
\BOOKMARK [3][-]{subsubsection.4.15.1.16}{\376\377\0004\000.\0001\0005\000.\0001\000.\0001\0006\000\040\000G\000R\000E\000E\000N\000\137\000S\000\137\000B\000U\000T\000T\000O\000N}{subsection.4.15.1}% 128
\BOOKMARK [3][-]{subsubsection.4.15.1.17}{\376\377\0004\000.\0001\0005\000.\0001\000.\0001\0007\000\040\000H\000P\0001\000\137\000B\000A\000R}{subsection.4.15.1}% 129
\BOOKMARK [3][-]{subsubsection.4.15.1.18}{\376\377\0004\000.\0001\0005\000.\0001\000.\0001\0008\000\040\000H\000P\0002\000\137\000B\000A\000R}{subsection.4.15.1}% 130
\BOOKMARK [3][-]{subsubsection.4.15.1.19}{\376\377\0004\000.\0001\0005\000.\0001\000.\0001\0009\000\040\000M\000A\000I\000N\000\137\000G\000W\000I\000N\000D\000O\000W\000\137\000C\000L\000A\000S\000S}{subsection.4.15.1}% 131
\BOOKMARK [3][-]{subsubsection.4.15.1.20}{\376\377\0004\000.\0001\0005\000.\0001\000.\0002\0000\000\040\000M\000A\000I\000N\000\137\000W\000I\000N\000D\000O\000W\000\137\000S\000T\000Y\000L\000E}{subsection.4.15.1}% 132
\BOOKMARK [3][-]{subsubsection.4.15.1.21}{\376\377\0004\000.\0001\0005\000.\0001\000.\0002\0001\000\040\000R\000E\000D\000\137\000S\000\137\000B\000U\000T\000T\000O\000N}{subsection.4.15.1}% 133
\BOOKMARK [3][-]{subsubsection.4.15.1.22}{\376\377\0004\000.\0001\0005\000.\0001\000.\0002\0002\000\040\000S\000G\000D\000I\000S\000P\000L\000A\000Y\000\137\000C\000L\000A\000S\000S}{subsection.4.15.1}% 134
\BOOKMARK [3][-]{subsubsection.4.15.1.23}{\376\377\0004\000.\0001\0005\000.\0001\000.\0002\0003\000\040\000S\000T\000O\000N\000E\000B\000U\000T\000T\000O\000N\000S\000I\000Z\000E}{subsection.4.15.1}% 135
\BOOKMARK [3][-]{subsubsection.4.15.1.24}{\376\377\0004\000.\0001\0005\000.\0001\000.\0002\0004\000\040\000S\000U\000P\000P\000O\000R\000T\000\137\000D\000I\000S\000P\000L\000A\000Y}{subsection.4.15.1}% 136
\BOOKMARK [1][-]{section.4.16}{\376\377\0004\000.\0001\0006\000\040\004\044\004\060\004\071\004\073\000\040\000\137\000G\000a\000m\000e\000\137\000V\000\137\0001\000\137\0000\000/\000m\000a\000i\000n\000.\000c\000p\000p}{chapter.4}% 137
\BOOKMARK [2][-]{subsection.4.16.1}{\376\377\0004\000.\0001\0006\000.\0001\000\040\004\044\004\103\004\075\004\072\004\106\004\070\004\070}{section.4.16}% 138
\BOOKMARK [3][-]{subsubsection.4.16.1.1}{\376\377\0004\000.\0001\0006\000.\0001\000.\0001\000\040\000W\000i\000n\000M\000a\000i\000n\000\050\000\051}{subsection.4.16.1}% 139
\BOOKMARK [2][-]{subsection.4.16.2}{\376\377\0004\000.\0001\0006\000.\0002\000\040\004\037\004\065\004\100\004\065\004\074\004\065\004\075\004\075\004\113\004\065}{section.4.16}% 140
\BOOKMARK [3][-]{subsubsection.4.16.2.1}{\376\377\0004\000.\0001\0006\000.\0002\000.\0001\000\040\000m\000s\000g}{subsection.4.16.2}% 141
\BOOKMARK [3][-]{subsubsection.4.16.2.2}{\376\377\0004\000.\0001\0006\000.\0002\000.\0002\000\040\000w\000i\000n\000d\000o\000w}{subsection.4.16.2}% 142
\BOOKMARK [3][-]{subsubsection.4.16.2.3}{\376\377\0004\000.\0001\0006\000.\0002\000.\0003\000\040\000W\000i\000n\000F\000l\000a\000g\0001}{subsection.4.16.2}% 143
\BOOKMARK [3][-]{subsubsection.4.16.2.4}{\376\377\0004\000.\0001\0006\000.\0002\000.\0004\000\040\000W\000i\000n\000F\000l\000a\000g\0002}{subsection.4.16.2}% 144
\BOOKMARK [1][-]{section.4.17}{\376\377\0004\000.\0001\0007\000\040\004\044\004\060\004\071\004\073\000\040\000\137\000G\000a\000m\000e\000\137\000V\000\137\0001\000\137\0000\000/\000T\000y\000p\000e\000s\000/\000A\000t\000t\000a\000c\000k\000.\000c\000p\000p}{chapter.4}% 145
\BOOKMARK [2][-]{subsection.4.17.1}{\376\377\0004\000.\0001\0007\000.\0001\000\040\004\044\004\103\004\075\004\072\004\106\004\070\004\070}{section.4.17}% 146
\BOOKMARK [3][-]{subsubsection.4.17.1.1}{\376\377\0004\000.\0001\0007\000.\0001\000.\0001\000\040\000A\000c\000t\000i\000o\000n\000s\000\137\000I\000n\000i\000t\000\050\000\051}{subsection.4.17.1}% 147
\BOOKMARK [2][-]{subsection.4.17.2}{\376\377\0004\000.\0001\0007\000.\0002\000\040\004\037\004\065\004\100\004\065\004\074\004\065\004\075\004\075\004\113\004\065}{section.4.17}% 148
\BOOKMARK [3][-]{subsubsection.4.17.2.1}{\376\377\0004\000.\0001\0007\000.\0002\000.\0001\000\040\000A\000c\000t\000i\000o\000n\000s}{subsection.4.17.2}% 149
\BOOKMARK [3][-]{subsubsection.4.17.2.2}{\376\377\0004\000.\0001\0007\000.\0002\000.\0002\000\040\000B\000\137\000F\000l\000a\000g}{subsection.4.17.2}% 150
\BOOKMARK [3][-]{subsubsection.4.17.2.3}{\376\377\0004\000.\0001\0007\000.\0002\000.\0003\000\040\000G\000\137\000F\000l\000a\000g}{subsection.4.17.2}% 151
\BOOKMARK [3][-]{subsubsection.4.17.2.4}{\376\377\0004\000.\0001\0007\000.\0002\000.\0004\000\040\000G\000r\000\137\000F\000l\000a\000g}{subsection.4.17.2}% 152
\BOOKMARK [3][-]{subsubsection.4.17.2.5}{\376\377\0004\000.\0001\0007\000.\0002\000.\0005\000\040\000H\000P\0001}{subsection.4.17.2}% 153
\BOOKMARK [3][-]{subsubsection.4.17.2.6}{\376\377\0004\000.\0001\0007\000.\0002\000.\0006\000\040\000H\000P\0002}{subsection.4.17.2}% 154
\BOOKMARK [3][-]{subsubsection.4.17.2.7}{\376\377\0004\000.\0001\0007\000.\0002\000.\0007\000\040\000R\000\137\000F\000l\000a\000g}{subsection.4.17.2}% 155
\BOOKMARK [1][-]{section.4.18}{\376\377\0004\000.\0001\0008\000\040\004\044\004\060\004\071\004\073\000\040\000\137\000G\000a\000m\000e\000\137\000V\000\137\0001\000\137\0000\000/\000T\000y\000p\000e\000s\000/\000B\000o\000a\000r\000d\000\137\000V\000\137\0001\000\137\0000\000.\000c\000p\000p}{chapter.4}% 156
\BOOKMARK [1][-]{section.4.19}{\376\377\0004\000.\0001\0009\000\040\004\044\004\060\004\071\004\073\000\040\000\137\000G\000a\000m\000e\000\137\000V\000\137\0001\000\137\0000\000/\000T\000y\000p\000e\000s\000/\000B\000o\000a\000r\000d\000\137\000V\000\137\0001\000\137\0000\000.\000h}{chapter.4}% 157
\BOOKMARK [1][-]{section.4.20}{\376\377\0004\000.\0002\0000\000\040\004\044\004\060\004\071\004\073\000\040\000\137\000G\000a\000m\000e\000\137\000V\000\137\0001\000\137\0000\000/\000T\000y\000p\000e\000s\000/\000c\000e\000l\000l\000.\000h}{chapter.4}% 158
\BOOKMARK [2][-]{subsection.4.20.1}{\376\377\0004\000.\0002\0000\000.\0001\000\040\004\034\004\060\004\072\004\100\004\076\004\101\004\113}{section.4.20}% 159
\BOOKMARK [3][-]{subsubsection.4.20.1.1}{\376\377\0004\000.\0002\0000\000.\0001\000.\0001\000\040\000B\000O\000A\000R\000D\000\137\000S\000I\000Z\000E}{subsection.4.20.1}% 160
\BOOKMARK [2][-]{subsection.4.20.2}{\376\377\0004\000.\0002\0000\000.\0002\000\040\004\042\004\070\004\077\004\113}{section.4.20}% 161
\BOOKMARK [3][-]{subsubsection.4.20.2.1}{\376\377\0004\000.\0002\0000\000.\0002\000.\0001\000\040\000c\000e\000l\000l}{subsection.4.20.2}% 162
\BOOKMARK [1][-]{section.4.21}{\376\377\0004\000.\0002\0001\000\040\004\044\004\060\004\071\004\073\000\040\000\137\000G\000a\000m\000e\000\137\000V\000\137\0001\000\137\0000\000/\000T\000y\000p\000e\000s\000/\000d\000a\000m\000a\000g\000e\000.\000h}{chapter.4}% 163
\BOOKMARK [2][-]{subsection.4.21.1}{\376\377\0004\000.\0002\0001\000.\0001\000\040\004\042\004\070\004\077\004\113}{section.4.21}% 164
\BOOKMARK [3][-]{subsubsection.4.21.1.1}{\376\377\0004\000.\0002\0001\000.\0001\000.\0001\000\040\000d\000a\000m\000a\000g\000e}{subsection.4.21.1}% 165
\BOOKMARK [1][-]{section.4.22}{\376\377\0004\000.\0002\0002\000\040\004\044\004\060\004\071\004\073\000\040\000\137\000G\000a\000m\000e\000\137\000V\000\137\0001\000\137\0000\000/\000T\000y\000p\000e\000s\000/\000G\000a\000m\000e\000\137\000T\000y\000p\000e\000s\000\137\000V\000\137\0001\000\137\0000\000.\000h\000p\000p}{chapter.4}% 166
\BOOKMARK [1][-]{section.4.23}{\376\377\0004\000.\0002\0003\000\040\004\044\004\060\004\071\004\073\000\040\000\137\000G\000a\000m\000e\000\137\000V\000\137\0001\000\137\0000\000/\000T\000y\000p\000e\000s\000/\000G\000e\000t\000\137\000S\000t\000o\000n\000e\000.\000c\000p\000p}{chapter.4}% 167
\BOOKMARK [1][-]{section.4.24}{\376\377\0004\000.\0002\0004\000\040\004\044\004\060\004\071\004\073\000\040\000\137\000G\000a\000m\000e\000\137\000V\000\137\0001\000\137\0000\000/\000T\000y\000p\000e\000s\000/\000G\000e\000t\000\137\000T\000y\000p\000e\000.\000c\000p\000p}{chapter.4}% 168
\BOOKMARK [1][-]{section.4.25}{\376\377\0004\000.\0002\0005\000\040\004\044\004\060\004\071\004\073\000\040\000\137\000G\000a\000m\000e\000\137\000V\000\137\0001\000\137\0000\000/\000T\000y\000p\000e\000s\000/\000p\000l\000a\000y\000e\000r\000.\000h}{chapter.4}% 169
\BOOKMARK [2][-]{subsection.4.25.1}{\376\377\0004\000.\0002\0005\000.\0001\000\040\004\034\004\060\004\072\004\100\004\076\004\101\004\113}{section.4.25}% 170
\BOOKMARK [3][-]{subsubsection.4.25.1.1}{\376\377\0004\000.\0002\0005\000.\0001\000.\0001\000\040\000F\000I\000R\000S\000T\000\137\000P\000L\000A\000Y\000E\000R}{subsection.4.25.1}% 171
\BOOKMARK [3][-]{subsubsection.4.25.1.2}{\376\377\0004\000.\0002\0005\000.\0001\000.\0002\000\040\000S\000E\000C\000O\000N\000D\000\137\000P\000L\000A\000Y\000E\000R}{subsection.4.25.1}% 172
\BOOKMARK [2][-]{subsection.4.25.2}{\376\377\0004\000.\0002\0005\000.\0002\000\040\004\042\004\070\004\077\004\113}{section.4.25}% 173
\BOOKMARK [3][-]{subsubsection.4.25.2.1}{\376\377\0004\000.\0002\0005\000.\0002\000.\0001\000\040\000p\000l\000a\000y\000e\000r}{subsection.4.25.2}% 174
\BOOKMARK [1][-]{section.4.26}{\376\377\0004\000.\0002\0006\000\040\004\044\004\060\004\071\004\073\000\040\000\137\000G\000a\000m\000e\000\137\000V\000\137\0001\000\137\0000\000/\000T\000y\000p\000e\000s\000/\000P\000u\000t\000\137\000S\000t\000o\000n\000e\000.\000c\000p\000p}{chapter.4}% 175
\BOOKMARK [1][-]{section.4.27}{\376\377\0004\000.\0002\0007\000\040\004\044\004\060\004\071\004\073\000\040\000\137\000G\000a\000m\000e\000\137\000V\000\137\0001\000\137\0000\000/\000T\000y\000p\000e\000s\000/\000S\000e\000t\000\137\000S\000t\000o\000n\000e\000.\000c\000p\000p}{chapter.4}% 176
\BOOKMARK [1][-]{section.4.28}{\376\377\0004\000.\0002\0008\000\040\004\044\004\060\004\071\004\073\000\040\000\137\000G\000a\000m\000e\000\137\000V\000\137\0001\000\137\0000\000/\000T\000y\000p\000e\000s\000/\000s\000t\000o\000n\000e\000\137\000t\000y\000p\000e\000.\000h}{chapter.4}% 177
\BOOKMARK [2][-]{subsection.4.28.1}{\376\377\0004\000.\0002\0008\000.\0001\000\040\004\034\004\060\004\072\004\100\004\076\004\101\004\113}{section.4.28}% 178
\BOOKMARK [3][-]{subsubsection.4.28.1.1}{\376\377\0004\000.\0002\0008\000.\0001\000.\0001\000\040\000A\000I\000R}{subsection.4.28.1}% 179
\BOOKMARK [3][-]{subsubsection.4.28.1.2}{\376\377\0004\000.\0002\0008\000.\0001\000.\0002\000\040\000E\000A\000R\000T\000H}{subsection.4.28.1}% 180
\BOOKMARK [3][-]{subsubsection.4.28.1.3}{\376\377\0004\000.\0002\0008\000.\0001\000.\0003\000\040\000F\000I\000R\000E}{subsection.4.28.1}% 181
\BOOKMARK [3][-]{subsubsection.4.28.1.4}{\376\377\0004\000.\0002\0008\000.\0001\000.\0004\000\040\000N\000O\000I\000N\000I\000T}{subsection.4.28.1}% 182
\BOOKMARK [3][-]{subsubsection.4.28.1.5}{\376\377\0004\000.\0002\0008\000.\0001\000.\0005\000\040\000W\000A\000T\000E\000R}{subsection.4.28.1}% 183
\BOOKMARK [2][-]{subsection.4.28.2}{\376\377\0004\000.\0002\0008\000.\0002\000\040\004\042\004\070\004\077\004\113}{section.4.28}% 184
\BOOKMARK [3][-]{subsubsection.4.28.2.1}{\376\377\0004\000.\0002\0008\000.\0002\000.\0001\000\040\000s\000t\000o\000n\000e\000\137\000t\000y\000p\000e}{subsection.4.28.2}% 185
\BOOKMARK [1][-]{section.4.29}{\376\377\0004\000.\0002\0009\000\040\004\044\004\060\004\071\004\073\000\040\000\137\000G\000a\000m\000e\000\137\000V\000\137\0001\000\137\0000\000/\000T\000y\000p\000e\000s\000/\000S\000t\000o\000n\000e\000\137\000V\000\137\0001\000\137\0000\000.\000c\000p\000p}{chapter.4}% 186
\BOOKMARK [1][-]{section.4.30}{\376\377\0004\000.\0003\0000\000\040\004\044\004\060\004\071\004\073\000\040\000\137\000G\000a\000m\000e\000\137\000V\000\137\0001\000\137\0000\000/\000T\000y\000p\000e\000s\000/\000S\000t\000o\000n\000e\000\137\000V\000\137\0001\000\137\0000\000.\000h}{chapter.4}% 187
\BOOKMARK [1][-]{section.4.31}{\376\377\0004\000.\0003\0001\000\040\004\044\004\060\004\071\004\073\000\040\000\137\000G\000a\000m\000e\000\137\000V\000\137\0001\000\137\0000\000/\000T\000y\000p\000e\000s\000/\000T\000a\000k\000e\000\137\000S\000t\000o\000n\000e\000\137\000f\000r\000o\000m\000\137\000B\000o\000a\000r\000d\000.\000c\000p\000p}{chapter.4}% 188
\BOOKMARK [0][-]{section*.30}{\376\377\004\037\004\100\004\065\004\064\004\074\004\065\004\102\004\075\004\113\004\071\000\040\004\103\004\072\004\060\004\067\004\060\004\102\004\065\004\073\004\114}{}% 189
